
> @xclips/config@0.1.0 build /home/runner/work/ClipyAI/ClipyAI/packages/config
> tsc -b

[96msrc/s3.ts[0m:[93m22[0m:[93m34[0m - [91merror[0m[90m TS2345: [0mArgument of type 'S3Client' is not assignable to parameter of type 'Client<any, ServiceInputTypes, MetadataBearer, any>'.
  The types of 'middlewareStack.concat' are incompatible between these types.
    Type '<InputType extends ServiceInputTypes, OutputType extends ServiceOutputTypes>(from: MiddlewareStack<InputType, OutputType>) => MiddlewareStack<...>' is not assignable to type '<InputType extends ServiceInputTypes, OutputType extends MetadataBearer>(from: MiddlewareStack<InputType, OutputType>) => MiddlewareStack<InputType, OutputType>'.
      Types of parameters 'from' and 'from' are incompatible.
        Type 'MiddlewareStack<InputType, OutputType>' is not assignable to type 'MiddlewareStack<InputType, ServiceOutputTypes>'.
          Types of property 'addRelativeTo' are incompatible.
            Type '(middleware: MiddlewareType<InputType, OutputType>, options: RelativeMiddlewareOptions) => void' is not assignable to type '(middleware: MiddlewareType<InputType, ServiceOutputTypes>, options: RelativeMiddlewareOptions) => void'.
              Types of parameters 'middleware' and 'middleware' are incompatible.
                Type 'MiddlewareType<InputType, ServiceOutputTypes>' is not assignable to type 'MiddlewareType<InputType, OutputType>'.
                  Type 'InitializeMiddleware<InputType, ServiceOutputTypes>' is not assignable to type 'MiddlewareType<InputType, OutputType>'.
                    Type 'InitializeMiddleware<InputType, ServiceOutputTypes>' is not assignable to type 'InitializeMiddleware<InputType, OutputType>'.
                      Call signature return types 'InitializeHandler<InputType, ServiceOutputTypes>' and 'InitializeHandler<InputType, OutputType>' are incompatible.
                        Type 'Promise<InitializeHandlerOutput<ServiceOutputTypes>>' is not assignable to type 'Promise<InitializeHandlerOutput<OutputType>>'.
                          Type 'InitializeHandlerOutput<ServiceOutputTypes>' is not assignable to type 'InitializeHandlerOutput<OutputType>'.
                            Types of property 'output' are incompatible.
                              Type 'ServiceOutputTypes' is not assignable to type 'OutputType'.
                                'ServiceOutputTypes' is assignable to the constraint of type 'OutputType', but 'OutputType' could be instantiated with a different subtype of constraint 'MetadataBearer'.
                                  Type 'AbortMultipartUploadCommandOutput' is not assignable to type 'OutputType'.
                                    'AbortMultipartUploadCommandOutput' is assignable to the constraint of type 'OutputType', but 'OutputType' could be instantiated with a different subtype of constraint 'MetadataBearer'.

[7m22[0m   const url = await getSignedUrl(s3, command, { expiresIn: expiresInSeconds });
[7m  [0m [91m                                 ~~[0m

[96msrc/tracing.ts[0m:[93m1[0m:[93m25[0m - [91merror[0m[90m TS2307: [0mCannot find module '@opentelemetry/sdk-node' or its corresponding type declarations.

[7m1[0m import { NodeSDK } from '@opentelemetry/sdk-node';
[7m [0m [91m                        ~~~~~~~~~~~~~~~~~~~~~~~~~[0m

[96msrc/tracing.ts[0m:[93m2[0m:[93m45[0m - [91merror[0m[90m TS2307: [0mCannot find module '@opentelemetry/auto-instrumentations-node' or its corresponding type declarations.

[7m2[0m import { getNodeAutoInstrumentations } from '@opentelemetry/auto-instrumentations-node';
[7m [0m [91m                                            ~~~~~~~~~~~~~~~~~~~~~~~~~~~~~~~~~~~~~~~~~~~[0m

[96msrc/tracing.ts[0m:[93m3[0m:[93m35[0m - [91merror[0m[90m TS2307: [0mCannot find module '@opentelemetry/exporter-trace-otlp-http' or its corresponding type declarations.

[7m3[0m import { OTLPTraceExporter } from '@opentelemetry/exporter-trace-otlp-http';
[7m [0m [91m                                  ~~~~~~~~~~~~~~~~~~~~~~~~~~~~~~~~~~~~~~~~~[0m


Found 4 errors.

[41m[30m ELIFECYCLE [39m[49m [31mCommand failed with exit code 1.[39m
